<?xml version="1.0" encoding="UTF-8"?>
<!-- Generated by org.testng.reporters.JUnitReportReporter -->
<testsuite hostname="DESKTOP-6MLC63T" failures="0" tests="1" name="sms_test.CreateExamTimetableTest" time="15.721" errors="0" timestamp="2023-07-11T17:38:32 IST" skipped="0">
  <testcase classname="sms_test.CreateExamTimetableTest" name="createExamTimetable" time="15.721"/>
  <system-out/>
</testsuite> <!-- sms_test.CreateExamTimetableTest -->
