<?xml version="1.0" encoding="UTF-8"?>
<!-- Generated by org.testng.reporters.JUnitReportReporter -->
<testsuite hostname="DESKTOP-6MLC63T" failures="0" tests="1" name="sms_test.CreateTeacherTest" time="21.576" errors="0" timestamp="2023-07-12T18:24:09 IST" skipped="0">
  <testcase classname="sms_test.CreateTeacherTest" name="createTeacher" time="21.576"/>
  <system-out>
    <![CDATA[Saran S_834 is Verified and pass]]>
  </system-out>
</testsuite> <!-- sms_test.CreateTeacherTest -->
