<?xml version="1.0" encoding="UTF-8"?>
<!-- Generated by org.testng.reporters.JUnitReportReporter -->
<testsuite hostname="DESKTOP-6MLC63T" failures="0" tests="1" name="sms_practice.CreateStudentTest1" time="20.379" errors="0" timestamp="2023-07-10T14:54:26 IST" skipped="0">
  <testcase classname="sms_practice.CreateStudentTest1" name="createStudent1" time="20.379"/>
  <system-out/>
</testsuite> <!-- sms_practice.CreateStudentTest1 -->
