<?xml version="1.0" encoding="UTF-8"?>
<!-- Generated by org.testng.reporters.JUnitReportReporter -->
<testsuite hostname="DESKTOP-6MLC63T" failures="0" tests="1" name="sms_test.CreateStudentTest" time="19.087" errors="0" timestamp="2023-07-10T15:40:20 IST" skipped="0">
  <testcase classname="sms_test.CreateStudentTest" name="createStudent" time="19.087"/>
  <system-out/>
</testsuite> <!-- sms_test.CreateStudentTest -->
