<?xml version="1.0" encoding="UTF-8"?>
<!-- Generated by org.testng.reporters.JUnitReportReporter -->
<testsuite hostname="DESKTOP-6MLC63T" failures="0" tests="1" name="sms_test.CreateExamTest" time="3.800" errors="0" timestamp="2023-07-13T11:46:51 IST" skipped="0">
  <testcase classname="sms_test.CreateExamTest" name="editExam" time="3.800"/>
  <system-out>
    <![CDATA[Edit Exam is done]]>
  </system-out>
</testsuite> <!-- sms_test.CreateExamTest -->
