<?xml version="1.0" encoding="UTF-8"?>
<!-- Generated by org.testng.reporters.JUnitReportReporter -->
<testsuite hostname="DESKTOP-6MLC63T" failures="0" tests="1" name="sms_test.CreateTeacherTest" time="12.957" errors="0" timestamp="2023-07-14T11:10:02 IST" skipped="0">
  <testcase classname="sms_test.CreateTeacherTest" name="createTeacher" time="12.957"/>
  <system-out>
    <![CDATA[Saran S_2123 is Verified and pass]]>
  </system-out>
</testsuite> <!-- sms_test.CreateTeacherTest -->
