<?xml version="1.0" encoding="UTF-8"?>
<!-- Generated by org.testng.reporters.JUnitReportReporter -->
<testsuite hostname="DESKTOP-6MLC63T" failures="0" tests="1" name="sms_test.LanceKlusenar" time="4.584" errors="0" timestamp="2023-07-11T17:23:07 IST" skipped="0">
  <testcase classname="sms_test.LanceKlusenar" name="startPlay" time="4.584"/>
  <system-out/>
</testsuite> <!-- sms_test.LanceKlusenar -->
