<?xml version="1.0" encoding="UTF-8"?>
<!-- Generated by org.testng.reporters.JUnitReportReporter -->
<testsuite hostname="DESKTOP-6MLC63T" failures="0" tests="2" name="sms_test.CreateExamTest" time="14.832" errors="0" timestamp="2023-07-14T11:10:02 IST" skipped="0">
  <testcase classname="sms_test.CreateExamTest" name="editExam" time="2.417"/>
  <system-out>
    <![CDATA[Edit Exam is done]]>
  </system-out>
  <testcase classname="sms_test.CreateExamTest" name="createExam" time="12.415"/>
  <system-out>
    <![CDATA[AnnualExam_2422 is Created and verified]]>
  </system-out>
</testsuite> <!-- sms_test.CreateExamTest -->
