<?xml version="1.0" encoding="UTF-8"?>
<!-- Generated by org.testng.reporters.JUnitReportReporter -->
<testsuite hostname="DESKTOP-6MLC63T" failures="0" tests="1" name="sms_test.CreateStudent" time="20.125" errors="0" timestamp="2023-07-10T15:01:01 IST" skipped="0">
  <testcase classname="sms_test.CreateStudent" name="createStudent" time="20.125"/>
  <system-out/>
</testsuite> <!-- sms_test.CreateStudent -->
