<?xml version="1.0" encoding="UTF-8"?>
<!-- Generated by org.testng.reporters.JUnitReportReporter -->
<testsuite hostname="DESKTOP-6MLC63T" failures="0" tests="1" name="sms_test.CreateExamTimetableTest" time="22.829" errors="0" timestamp="2023-07-13T10:27:46 IST" skipped="0">
  <testcase classname="sms_test.CreateExamTimetableTest" name="createExamTimetable" time="22.829"/>
  <system-out/>
</testsuite> <!-- sms_test.CreateExamTimetableTest -->
