<?xml version="1.0" encoding="UTF-8"?>
<!-- Generated by org.testng.reporters.JUnitReportReporter -->
<testsuite hostname="DESKTOP-6MLC63T" failures="0" tests="1" name="sms_practice.CreateExamTimetableTest" time="15.330" errors="0" timestamp="2023-07-07T13:14:15 IST" skipped="0">
  <testcase classname="sms_practice.CreateExamTimetableTest" name="createExamTimetableMethod" time="15.330"/>
  <system-out/>
</testsuite> <!-- sms_practice.CreateExamTimetableTest -->
