<?xml version="1.0" encoding="UTF-8"?>
<!-- Generated by org.testng.reporters.JUnitReportReporter -->
<testsuite hostname="DESKTOP-6MLC63T" failures="0" tests="1" name="sms_practice.CreateExam" time="21.391" errors="0" timestamp="2023-07-03T19:10:57 IST" skipped="0">
  <testcase classname="sms_practice.CreateExam" name="createExam" time="21.391"/>
  <system-out/>
</testsuite> <!-- sms_practice.CreateExam -->
