<?xml version="1.0" encoding="UTF-8"?>
<!-- Generated by org.testng.reporters.JUnitReportReporter -->
<testsuite hostname="DESKTOP-6MLC63T" failures="0" tests="1" name="sms_practice.CreateExamTest" time="16.760" errors="0" timestamp="2023-07-07T13:35:08 IST" skipped="0">
  <testcase classname="sms_practice.CreateExamTest" name="createExam" time="16.760"/>
  <system-out>
    <![CDATA[AnnualExam_2671is Created and verified]]>
  </system-out>
</testsuite> <!-- sms_practice.CreateExamTest -->
