<?xml version="1.0" encoding="UTF-8"?>
<!-- Generated by org.testng.reporters.JUnitReportReporter -->
<testsuite hostname="DESKTOP-6MLC63T" failures="0" tests="1" name="sms_practice.CreateTecherTest" time="18.783" errors="0" timestamp="2023-07-07T17:36:19 IST" skipped="0">
  <testcase classname="sms_practice.CreateTecherTest" name="createTeacher" time="18.783"/>
  <system-out>
    <![CDATA[Saran S_1929 is Verified and pass]]>
  </system-out>
</testsuite> <!-- sms_practice.CreateTecherTest -->
