<?xml version="1.0" encoding="UTF-8"?>
<!-- Generated by org.testng.reporters.JUnitReportReporter -->
<testsuite hostname="DESKTOP-6MLC63T" failures="0" tests="1" name="sms_test.CreateExamTest" time="11.283" errors="0" timestamp="2023-07-12T18:08:13 IST" skipped="0">
  <testcase classname="sms_test.CreateExamTest" name="createExam" time="11.283"/>
  <system-out>
    <![CDATA[AnnualExam_644 is Created and verified]]>
  </system-out>
</testsuite> <!-- sms_test.CreateExamTest -->
