<?xml version="1.0" encoding="UTF-8"?>
<!-- Generated by org.testng.reporters.JUnitReportReporter -->
<testsuite hostname="DESKTOP-6MLC63T" failures="0" tests="1" name="sms_test.CreateStudentTest" time="20.507" errors="0" timestamp="2023-07-12T18:23:04 IST" skipped="0">
  <testcase classname="sms_test.CreateStudentTest" name="createStudent" time="20.507"/>
  <system-out/>
</testsuite> <!-- sms_test.CreateStudentTest -->
